<?xml version="1.0" encoding="UTF-8"?>
<!-- Generated by org.testng.reporters.JUnitReportReporter -->
<testsuite hostname="Vishal-Sable" failures="0" tests="5" name="testCases.TC_003_excelread" time="42.575" errors="0" timestamp="2024-06-07T14:08:58 IST" skipped="0">
  <testcase classname="testCases.TC_003_excelread" name="verify_loginDDT" time="3.705"/>
  <system-out/>
  <testcase classname="testCases.TC_003_excelread" name="verify_loginDDT" time="11.586"/>
  <system-out/>
  <testcase classname="testCases.TC_003_excelread" name="verify_loginDDT" time="11.469"/>
  <system-out/>
  <testcase classname="testCases.TC_003_excelread" name="verify_loginDDT" time="12.233"/>
  <system-out/>
  <testcase classname="testCases.TC_003_excelread" name="verify_loginDDT" time="3.582"/>
  <system-out/>
</testsuite> <!-- testCases.TC_003_excelread -->
