<?xml version="1.0" encoding="UTF-8"?>
<!-- Generated by org.testng.reporters.JUnitReportReporter -->
<testsuite hostname="Vishal-Sable" failures="0" tests="1" name="testCases.TC_002_MyAccountPage" time="4.140" errors="0" timestamp="2024-06-09T00:20:07 IST" skipped="0">
  <testcase classname="testCases.TC_002_MyAccountPage" name="login" time="4.140"/>
  <system-out/>
</testsuite> <!-- testCases.TC_002_MyAccountPage -->
